{"level":"INFO","timestamp":"2026-02-26T21:22:29.674+0700","file":"server/main.go:62","message":"Shutting down server..."}
{"level":"INFO","timestamp":"2026-02-26T21:22:29.686+0700","file":"server/main.go:71","message":"Server exited properly"}
{"level":"INFO","timestamp":"2026-02-26T21:27:29.653+0700","file":"server/main.go:62","message":"Shutting down server..."}
{"level":"INFO","timestamp":"2026-02-26T21:27:29.661+0700","file":"server/main.go:71","message":"Server exited properly"}
{"level":"INFO","timestamp":"2026-02-26T21:31:56.706+0700","file":"./main.go:62","message":"Shutting down server..."}
{"level":"INFO","timestamp":"2026-02-26T21:31:56.712+0700","file":"./main.go:71","message":"Server exited properly"}
{"level":"INFO","timestamp":"2026-02-26T22:21:39.420+0700","file":"./main.go:62","message":"Shutting down server..."}
{"level":"INFO","timestamp":"2026-02-26T22:21:39.438+0700","file":"./main.go:71","message":"Server exited properly"}
{"level":"INFO","timestamp":"2026-02-26T22:32:15.168+0700","file":"./main.go:62","message":"Shutting down server..."}
{"level":"INFO","timestamp":"2026-02-26T22:32:15.243+0700","file":"./main.go:71","message":"Server exited properly"}
{"level":"INFO","timestamp":"2026-02-26T22:43:10.726+0700","file":"server/main.go:62","message":"Shutting down server..."}
{"level":"INFO","timestamp":"2026-02-26T22:43:10.741+0700","file":"server/main.go:71","message":"Server exited properly"}
{"level":"INFO","timestamp":"2026-02-26T22:50:05.192+0700","file":"./main.go:62","message":"Shutting down server..."}
{"level":"INFO","timestamp":"2026-02-26T22:50:05.215+0700","file":"./main.go:71","message":"Server exited properly"}
{"level":"INFO","timestamp":"2026-02-27T15:37:35.252+0700","file":"./main.go:62","message":"Shutting down server..."}
{"level":"INFO","timestamp":"2026-02-27T15:37:35.272+0700","file":"./main.go:71","message":"Server exited properly"}
{"level":"INFO","timestamp":"2026-02-27T15:51:41.469+0700","file":"./main.go:62","message":"Shutting down server..."}
{"level":"INFO","timestamp":"2026-02-27T15:51:41.487+0700","file":"./main.go:71","message":"Server exited properly"}
{"level":"INFO","timestamp":"2026-02-27T15:56:23.340+0700","file":"./main.go:62","message":"Shutting down server..."}
{"level":"INFO","timestamp":"2026-02-27T15:56:23.375+0700","file":"./main.go:71","message":"Server exited properly"}
{"level":"INFO","timestamp":"2026-02-27T16:04:37.358+0700","file":"./main.go:62","message":"Shutting down server..."}
{"level":"INFO","timestamp":"2026-02-27T16:04:37.380+0700","file":"./main.go:71","message":"Server exited properly"}
{"level":"INFO","timestamp":"2026-02-27T16:21:01.129+0700","file":"./main.go:62","message":"Shutting down server..."}
{"level":"INFO","timestamp":"2026-02-27T16:21:01.141+0700","file":"./main.go:71","message":"Server exited properly"}
{"level":"INFO","timestamp":"2026-02-27T21:59:43.619+0700","file":"./main.go:62","message":"Shutting down server..."}
{"level":"INFO","timestamp":"2026-02-27T21:59:43.623+0700","file":"./main.go:71","message":"Server exited properly"}
{"level":"INFO","timestamp":"2026-02-28T13:33:30.399+0700","file":"server/main.go:62","message":"Shutting down server..."}
{"level":"INFO","timestamp":"2026-02-28T13:33:30.411+0700","file":"server/main.go:71","message":"Server exited properly"}
{"level":"INFO","timestamp":"2026-02-28T14:22:47.664+0700","file":"server/main.go:62","message":"Shutting down server..."}
{"level":"INFO","timestamp":"2026-02-28T14:22:47.682+0700","file":"server/main.go:71","message":"Server exited properly"}
{"level":"PANIC","timestamp":"2026-03-02T21:39:04.054+0700","file":"server/main.go:53","message":"HTTP server failed{error 26 0  listen tcp :8080: bind: address already in use}","stacktrace":"main.main.func1\n\tgo-structure/cmd/server/main.go:53"}
{"level":"INFO","timestamp":"2026-03-02T21:53:21.631+0700","file":"server/main.go:62","message":"Shutting down server..."}
{"level":"INFO","timestamp":"2026-03-02T21:53:21.645+0700","file":"server/main.go:71","message":"Server exited properly"}
{"level":"INFO","timestamp":"2026-03-02T22:41:07.643+0700","file":"server/main.go:62","message":"Shutting down server..."}
{"level":"INFO","timestamp":"2026-03-02T22:41:07.658+0700","file":"server/main.go:71","message":"Server exited properly"}
{"level":"INFO","timestamp":"2026-03-02T15:59:22.076Z","file":"server/main.go:62","message":"Shutting down server..."}
{"level":"INFO","timestamp":"2026-03-02T15:59:22.097Z","file":"server/main.go:71","message":"Server exited properly"}
